<resources>
    
    
    <Resource id="TravelcAsynchronousPool" type="ManagedExecutorService">
        Core 100
        Max 700
        Queue 150000
        KeepAlive 1 s
        Lazy true
    </Resource>     

    <Container id="myStatelessContainer" type="STATELESS">
        strictPooling = false
    </Container>
    
</resources>